#
# There is insufficient memory for the Java Runtime Environment to continue.
# Native memory allocation (malloc) failed to allocate 2097152 bytes for AllocateHeap
# Possible reasons:
#   The system is out of physical RAM or swap space
#   The process is running with CompressedOops enabled, and the Java Heap may be blocking the growth of the native heap
# Possible solutions:
#   Reduce memory load on the system
#   Increase physical memory or swap space
#   Check if swap backing store is full
#   Decrease Java heap size (-Xmx/-Xms)
#   Decrease number of Java threads
#   Decrease Java thread stack sizes (-Xss)
#   Set larger code cache with -XX:ReservedCodeCacheSize=
#   JVM is running with Zero Based Compressed Oops mode in which the Java heap is
#     placed in the first 32GB address space. The Java Heap base address is the
#     maximum limit for the native heap growth. Please use -XX:HeapBaseMinAddress
#     to set the Java Heap base and to place the Java Heap above 32GB virtual address.
# This output file may be truncated or incomplete.
#
#  Out of Memory Error (./open/src/hotspot/share/memory/allocation.cpp:46), pid=10716, tid=36648
#
# JRE version: Java(TM) SE Runtime Environment 18.9 (11.0.8+10) (build 11.0.8+10-LTS)
# Java VM: Java HotSpot(TM) 64-Bit Server VM 18.9 (11.0.8+10-LTS, mixed mode, tiered, compressed oops, g1 gc, windows-amd64)
# No core dump will be written. Minidumps are not enabled by default on client versions of Windows
#

---------------  S U M M A R Y ------------

Command Line: -XX:TieredStopAtLevel=1 -Xverify:none -Dspring.output.ansi.enabled=always -Dcom.sun.management.jmxremote -Dspring.jmx.enabled=true -Dspring.liveBeansView.mbeanDomain -Dspring.application.admin.enabled=true -Dmanagement.endpoints.jmx.exposure.include=* -javaagent:D:\idea\IntelliJ IDEA 2023.2.1\lib\idea_rt.jar=58059:D:\idea\IntelliJ IDEA 2023.2.1\bin -Dfile.encoding=UTF-8 com.napnap.NapNapApplication

Host: 11th Gen Intel(R) Core(TM) i5-11300H @ 3.10GHz, 8 cores, 15G,  Windows 10 , 64 bit Build 22621 (10.0.22621.3527)
Time: Sat Jun  8 16:22:27 2024 中国标准时间 elapsed time: 14 seconds (0d 0h 0m 14s)

---------------  T H R E A D  ---------------

Current thread (0x00000281ff759800):  VMThread "VM Thread" [stack: 0x000000a1cd100000,0x000000a1cd200000] [id=36648]

Stack: [0x000000a1cd100000,0x000000a1cd200000]
[error occurred during error reporting (printing stack bounds), id 0xc0000005, EXCEPTION_ACCESS_VIOLATION (0xc0000005) at pc=0x0000028188330f67]

Native frames: (J=compiled Java code, j=interpreted, Vv=VM code, C=native code)
V  [jvm.dll+0x601aea]
V  [jvm.dll+0x737fef]
V  [jvm.dll+0x739675]
V  [jvm.dll+0x739c55]
V  [jvm.dll+0x739c0b]
V  [jvm.dll+0x6013d3]
V  [jvm.dll+0x601798]
C  [ntdll.dll+0xa49ff]
C  [ntdll.dll+0x1e466]
C  [ntdll.dll+0xa39ee]
C  0x0000028188330f67

VM_Operation (0x000000a1d05ff0a0): G1CollectFull, mode: safepoint, requested by thread 0x00000281a5605800


---------------  P R O C E S S  ---------------

Threads class SMR info:
_java_thread_list=0x00000281a2dda0a0, length=19, elements={
0x00000281ff75d800, 0x00000281a123d000, 0x00000281a12a8800, 0x00000281a12aa000,
0x00000281a12ac000, 0x00000281a12b1800, 0x00000281a1210800, 0x00000281a19f0800,
0x00000281a19f1800, 0x00000281a1b5d800, 0x00000281a2da8000, 0x00000281a2d91800,
0x00000281a5140800, 0x00000281a5145800, 0x00000281a5601000, 0x00000281a5604000,
0x00000281a55ff000, 0x00000281a5605800, 0x00000281a55fc800
}

Java Threads: ( => current thread )
  0x00000281ff75d800 JavaThread "Reference Handler" daemon [_thread_blocked, id=43696, stack(0x000000a1cd200000,0x000000a1cd300000)]
  0x00000281a123d000 JavaThread "Finalizer" daemon [_thread_blocked, id=41220, stack(0x000000a1cd300000,0x000000a1cd400000)]
  0x00000281a12a8800 JavaThread "Signal Dispatcher" daemon [_thread_blocked, id=7012, stack(0x000000a1cd400000,0x000000a1cd500000)]
  0x00000281a12aa000 JavaThread "Attach Listener" daemon [_thread_blocked, id=42432, stack(0x000000a1cd500000,0x000000a1cd600000)]
  0x00000281a12ac000 JavaThread "C1 CompilerThread0" daemon [_thread_blocked, id=34644, stack(0x000000a1cd600000,0x000000a1cd700000)]
  0x00000281a12b1800 JavaThread "Sweeper thread" daemon [_thread_blocked, id=28600, stack(0x000000a1cd700000,0x000000a1cd800000)]
  0x00000281a1210800 JavaThread "Common-Cleaner" daemon [_thread_blocked, id=36264, stack(0x000000a1cd800000,0x000000a1cd900000)]
  0x00000281a19f0800 JavaThread "Monitor Ctrl-Break" daemon [_thread_in_native, id=39904, stack(0x000000a1cd900000,0x000000a1cda00000)]
  0x00000281a19f1800 JavaThread "Service Thread" daemon [_thread_blocked, id=42508, stack(0x000000a1cda00000,0x000000a1cdb00000)]
  0x00000281a1b5d800 JavaThread "RMI TCP Accept-0" daemon [_thread_in_native, id=41536, stack(0x000000a1cdb00000,0x000000a1cdc00000)]
  0x00000281a2da8000 JavaThread "RMI TCP Connection(4)-192.168.1.21" daemon [_thread_in_native, id=20848, stack(0x000000a1ce500000,0x000000a1ce600000)]
  0x00000281a2d91800 JavaThread "RMI Scheduler(0)" daemon [_thread_blocked, id=21464, stack(0x000000a1ce900000,0x000000a1cea00000)]
  0x00000281a5140800 JavaThread "mysql-cj-abandoned-connection-cleanup" daemon [_thread_blocked, id=9304, stack(0x000000a1cee00000,0x000000a1cef00000)]
  0x00000281a5145800 JavaThread "Live Reload Server" daemon [_thread_in_native, id=41132, stack(0x000000a1cf000000,0x000000a1cf100000)]
  0x00000281a5601000 JavaThread "DestroyJavaVM" [_thread_blocked, id=41100, stack(0x000000a1ccb00000,0x000000a1ccc00000)]
  0x00000281a5604000 JavaThread "RMI TCP Connection(idle)" daemon [_thread_blocked, id=40784, stack(0x000000a1ce300000,0x000000a1ce400000)]
  0x00000281a55ff000 JavaThread "RMI TCP Connection(idle)" daemon [_thread_blocked, id=13296, stack(0x000000a1ce400000,0x000000a1ce500000)]
  0x00000281a5605800 JavaThread "Thread-4" [_thread_blocked, id=37392, stack(0x000000a1d0500000,0x000000a1d0600000)]
  0x00000281a55fc800 JavaThread "globalEventExecutor-2-2" [_thread_blocked, id=29236, stack(0x000000a1ced00000,0x000000a1cee00000)]

Other Threads:
=>0x00000281ff759800 VMThread "VM Thread" [stack: 0x000000a1cd100000,0x000000a1cd200000] [id=36648]
  0x00000281a1b7d000 WatcherThread [stack: 0x000000a1cdc00000,0x000000a1cdd00000] [id=38008]
  0x00000281fd02d000 GCTaskThread "GC Thread#0" [stack: 0x000000a1ccc00000,0x000000a1ccd00000] [id=26164]
  0x00000281a26d0000 GCTaskThread "GC Thread#1" [stack: 0x000000a1cdd00000,0x000000a1cde00000] [id=43072]
  0x00000281a26d1000 GCTaskThread "GC Thread#2" [stack: 0x000000a1cde00000,0x000000a1cdf00000] [id=39536]
  0x00000281a26d3800 GCTaskThread "GC Thread#3" [stack: 0x000000a1cdf00000,0x000000a1ce000000] [id=34696]
  0x00000281a26d4800 GCTaskThread "GC Thread#4" [stack: 0x000000a1ce000000,0x000000a1ce100000] [id=16144]
  0x00000281a26d5000 GCTaskThread "GC Thread#5" [stack: 0x000000a1ce100000,0x000000a1ce200000] [id=4584]
  0x00000281a29f4800 GCTaskThread "GC Thread#6" [stack: 0x000000a1ce600000,0x000000a1ce700000] [id=37972]
  0x00000281a2a12800 GCTaskThread "GC Thread#7" [stack: 0x000000a1ce700000,0x000000a1ce800000] [id=34856]
  0x00000281fd08a800 ConcurrentGCThread "G1 Main Marker" [stack: 0x000000a1ccd00000,0x000000a1cce00000] [id=38852]
  0x00000281fd08e000 ConcurrentGCThread "G1 Conc#0" [stack: 0x000000a1cce00000,0x000000a1ccf00000] [id=9784]
  0x00000281a2aa7000 ConcurrentGCThread "G1 Conc#1" [stack: 0x000000a1ce800000,0x000000a1ce900000] [id=43808]
  0x00000281ff63b000 ConcurrentGCThread "G1 Refine#0" [stack: 0x000000a1ccf00000,0x000000a1cd000000] [id=27636]
  0x00000281a158a000 ConcurrentGCThread "G1 Refine#1" [stack: 0x000000a1ce200000,0x000000a1ce300000] [id=26728]
  0x00000281ff63c800 ConcurrentGCThread "G1 Young RemSet Sampling" [stack: 0x000000a1cd000000,0x000000a1cd100000] [id=38684]

Threads with active compile tasks:

VM state:at safepoint (normal execution)

VM Mutex/Monitor currently owned by a thread:  ([mutex/lock_event])
[0x00000281fd010e10] Threads_lock - owner thread: 0x00000281ff759800
[0x00000281fd011050] Heap_lock - owner thread: 0x00000281a5605800

Heap address: 0x0000000703600000, size: 4042 MB, Compressed Oops mode: Zero based, Oop shift amount: 3
Narrow klass base: 0x0000000800000000, Narrow klass shift: 0
Compressed class space size: 1073741824 Address: 0x0000000800000000

Heap:
 garbage-first heap   total 260096K, used 54366K [0x0000000703600000, 0x0000000800000000)
  region size 1024K, 32 young (32768K), 11 survivors (11264K)
 Metaspace       used 59110K, capacity 61305K, committed 61520K, reserved 1101824K
  class space    used 7454K, capacity 8331K, committed 8352K, reserved 1048576K
Heap Regions: E=young(eden), S=young(survivor), O=old, HS=humongous(starts), HC=humongous(continues), CS=collection set, F=free, A=archive, TAMS=top-at-mark-start (previous, next)
|   0|0x0000000703600000, 0x0000000703700000, 0x0000000703700000|100%|HS|  |TAMS 0x0000000703700000, 0x0000000703600000| Complete 
|   1|0x0000000703700000, 0x0000000703800000, 0x0000000703800000|100%| O|  |TAMS 0x0000000703800000, 0x0000000703700000| Untracked 
|   2|0x0000000703800000, 0x0000000703900000, 0x0000000703900000|100%| O|  |TAMS 0x0000000703900000, 0x0000000703800000| Untracked 
|   3|0x0000000703900000, 0x0000000703a00000, 0x0000000703a00000|100%| O|  |TAMS 0x0000000703a00000, 0x0000000703900000| Untracked 
|   4|0x0000000703a00000, 0x0000000703b00000, 0x0000000703b00000|100%| O|  |TAMS 0x0000000703b00000, 0x0000000703a00000| Untracked 
|   5|0x0000000703b00000, 0x0000000703c00000, 0x0000000703c00000|100%| O|  |TAMS 0x0000000703c00000, 0x0000000703b00000| Untracked 
|   6|0x0000000703c00000, 0x0000000703d00000, 0x0000000703d00000|100%| O|  |TAMS 0x0000000703d00000, 0x0000000703c00000| Untracked 
|   7|0x0000000703d00000, 0x0000000703e00000, 0x0000000703e00000|100%| O|  |TAMS 0x0000000703e00000, 0x0000000703d00000| Untracked 
|   8|0x0000000703e00000, 0x0000000703f00000, 0x0000000703f00000|100%| O|  |TAMS 0x0000000703f00000, 0x0000000703e00000| Untracked 
|   9|0x0000000703f00000, 0x0000000704000000, 0x0000000704000000|100%| O|  |TAMS 0x0000000704000000, 0x0000000703f00000| Untracked 
|  10|0x0000000704000000, 0x0000000704100000, 0x0000000704100000|100%| O|  |TAMS 0x0000000704100000, 0x0000000704000000| Untracked 
|  11|0x0000000704100000, 0x0000000704200000, 0x0000000704200000|100%| O|  |TAMS 0x0000000704200000, 0x0000000704100000| Untracked 
|  12|0x0000000704200000, 0x0000000704300000, 0x0000000704300000|100%| O|  |TAMS 0x0000000704300000, 0x0000000704200000| Untracked 
|  13|0x0000000704300000, 0x0000000704400000, 0x0000000704400000|100%| O|  |TAMS 0x0000000704400000, 0x0000000704300000| Untracked 
|  14|0x0000000704400000, 0x0000000704500000, 0x0000000704500000|100%| O|  |TAMS 0x0000000704500000, 0x0000000704400000| Untracked 
|  15|0x0000000704500000, 0x0000000704600000, 0x0000000704600000|100%| O|  |TAMS 0x0000000704600000, 0x0000000704500000| Untracked 
|  16|0x0000000704600000, 0x0000000704700000, 0x0000000704700000|100%| O|  |TAMS 0x0000000704700000, 0x0000000704600000| Untracked 
|  17|0x0000000704700000, 0x0000000704800000, 0x0000000704800000|100%| O|  |TAMS 0x0000000704800000, 0x0000000704700000| Untracked 
|  18|0x0000000704800000, 0x0000000704900000, 0x0000000704900000|100%| O|  |TAMS 0x0000000704900000, 0x0000000704800000| Untracked 
|  19|0x0000000704900000, 0x0000000704a00000, 0x0000000704a00000|100%| O|  |TAMS 0x0000000704a00000, 0x0000000704900000| Untracked 
|  20|0x0000000704a00000, 0x0000000704b00000, 0x0000000704b00000|100%| O|  |TAMS 0x0000000704b00000, 0x0000000704a00000| Untracked 
|  21|0x0000000704b00000, 0x0000000704c00000, 0x0000000704c00000|100%| O|  |TAMS 0x0000000704c00000, 0x0000000704b00000| Untracked 
|  22|0x0000000704c00000, 0x0000000704c62200, 0x0000000704d00000| 38%| O|  |TAMS 0x0000000704c62200, 0x0000000704c00000| Untracked 
|  23|0x0000000704d00000, 0x0000000704d00000, 0x0000000704e00000|  0%| F|  |TAMS 0x0000000704d00000, 0x0000000704d00000| Untracked 
|  24|0x0000000704e00000, 0x0000000704e00000, 0x0000000704f00000|  0%| F|  |TAMS 0x0000000704e00000, 0x0000000704e00000| Untracked 
|  25|0x0000000704f00000, 0x0000000704f00000, 0x0000000705000000|  0%| F|  |TAMS 0x0000000704f00000, 0x0000000704f00000| Untracked 
|  26|0x0000000705000000, 0x0000000705000000, 0x0000000705100000|  0%| F|  |TAMS 0x0000000705000000, 0x0000000705000000| Untracked 
|  27|0x0000000705100000, 0x0000000705100000, 0x0000000705200000|  0%| F|  |TAMS 0x0000000705100000, 0x0000000705100000| Untracked 
|  28|0x0000000705200000, 0x0000000705200000, 0x0000000705300000|  0%| F|  |TAMS 0x0000000705200000, 0x0000000705200000| Untracked 
|  29|0x0000000705300000, 0x0000000705300000, 0x0000000705400000|  0%| F|  |TAMS 0x0000000705300000, 0x0000000705300000| Untracked 
|  30|0x0000000705400000, 0x0000000705400000, 0x0000000705500000|  0%| F|  |TAMS 0x0000000705400000, 0x0000000705400000| Untracked 
|  31|0x0000000705500000, 0x0000000705500000, 0x0000000705600000|  0%| F|  |TAMS 0x0000000705500000, 0x0000000705500000| Untracked 
|  32|0x0000000705600000, 0x0000000705600000, 0x0000000705700000|  0%| F|  |TAMS 0x0000000705600000, 0x0000000705600000| Untracked 
|  33|0x0000000705700000, 0x0000000705700000, 0x0000000705800000|  0%| F|  |TAMS 0x0000000705700000, 0x0000000705700000| Untracked 
|  34|0x0000000705800000, 0x0000000705800000, 0x0000000705900000|  0%| F|  |TAMS 0x0000000705800000, 0x0000000705800000| Untracked 
|  35|0x0000000705900000, 0x0000000705900000, 0x0000000705a00000|  0%| F|  |TAMS 0x0000000705900000, 0x0000000705900000| Untracked 
|  36|0x0000000705a00000, 0x0000000705a00000, 0x0000000705b00000|  0%| F|  |TAMS 0x0000000705a00000, 0x0000000705a00000| Untracked 
|  37|0x0000000705b00000, 0x0000000705b00000, 0x0000000705c00000|  0%| F|  |TAMS 0x0000000705b00000, 0x0000000705b00000| Untracked 
|  38|0x0000000705c00000, 0x0000000705c00000, 0x0000000705d00000|  0%| F|  |TAMS 0x0000000705c00000, 0x0000000705c00000| Untracked 
|  39|0x0000000705d00000, 0x0000000705d00000, 0x0000000705e00000|  0%| F|  |TAMS 0x0000000705d00000, 0x0000000705d00000| Untracked 
|  40|0x0000000705e00000, 0x0000000705e00000, 0x0000000705f00000|  0%| F|  |TAMS 0x0000000705e00000, 0x0000000705e00000| Untracked 
|  41|0x0000000705f00000, 0x0000000705f00000, 0x0000000706000000|  0%| F|  |TAMS 0x0000000705f00000, 0x0000000705f00000| Untracked 
|  42|0x0000000706000000, 0x0000000706000000, 0x0000000706100000|  0%| F|  |TAMS 0x0000000706000000, 0x0000000706000000| Untracked 
|  43|0x0000000706100000, 0x0000000706100000, 0x0000000706200000|  0%| F|  |TAMS 0x0000000706100000, 0x0000000706100000| Untracked 
|  44|0x0000000706200000, 0x0000000706200000, 0x0000000706300000|  0%| F|  |TAMS 0x0000000706200000, 0x0000000706200000| Untracked 
|  45|0x0000000706300000, 0x0000000706300000, 0x0000000706400000|  0%| F|  |TAMS 0x0000000706300000, 0x0000000706300000| Untracked 
|  46|0x0000000706400000, 0x0000000706400000, 0x0000000706500000|  0%| F|  |TAMS 0x0000000706400000, 0x0000000706400000| Untracked 
|  47|0x0000000706500000, 0x0000000706500000, 0x0000000706600000|  0%| F|  |TAMS 0x0000000706500000, 0x0000000706500000| Untracked 
|  48|0x0000000706600000, 0x0000000706600000, 0x0000000706700000|  0%| F|  |TAMS 0x0000000706600000, 0x0000000706600000| Untracked 
|  49|0x0000000706700000, 0x0000000706700000, 0x0000000706800000|  0%| F|  |TAMS 0x0000000706700000, 0x0000000706700000| Untracked 
|  50|0x0000000706800000, 0x0000000706800000, 0x0000000706900000|  0%| F|  |TAMS 0x0000000706800000, 0x0000000706800000| Untracked 
|  51|0x0000000706900000, 0x0000000706900000, 0x0000000706a00000|  0%| F|  |TAMS 0x0000000706900000, 0x0000000706900000| Untracked 
|  52|0x0000000706a00000, 0x0000000706a00000, 0x0000000706b00000|  0%| F|  |TAMS 0x0000000706a00000, 0x0000000706a00000| Untracked 
|  53|0x0000000706b00000, 0x0000000706b00000, 0x0000000706c00000|  0%| F|  |TAMS 0x0000000706b00000, 0x0000000706b00000| Untracked 
|  54|0x0000000706c00000, 0x0000000706c00000, 0x0000000706d00000|  0%| F|  |TAMS 0x0000000706c00000, 0x0000000706c00000| Untracked 
|  55|0x0000000706d00000, 0x0000000706d00000, 0x0000000706e00000|  0%| F|  |TAMS 0x0000000706d00000, 0x0000000706d00000| Untracked 
|  56|0x0000000706e00000, 0x0000000706e00000, 0x0000000706f00000|  0%| F|  |TAMS 0x0000000706e00000, 0x0000000706e00000| Untracked 
|  57|0x0000000706f00000, 0x0000000706f00000, 0x0000000707000000|  0%| F|  |TAMS 0x0000000706f00000, 0x0000000706f00000| Untracked 
|  58|0x0000000707000000, 0x0000000707000000, 0x0000000707100000|  0%| F|  |TAMS 0x0000000707000000, 0x0000000707000000| Untracked 
|  59|0x0000000707100000, 0x0000000707100000, 0x0000000707200000|  0%| F|  |TAMS 0x0000000707100000, 0x0000000707100000| Untracked 
|  60|0x0000000707200000, 0x0000000707200000, 0x0000000707300000|  0%| F|  |TAMS 0x0000000707200000, 0x0000000707200000| Untracked 
|  61|0x0000000707300000, 0x0000000707300000, 0x0000000707400000|  0%| F|  |TAMS 0x0000000707300000, 0x0000000707300000| Untracked 
|  62|0x0000000707400000, 0x0000000707400000, 0x0000000707500000|  0%| F|  |TAMS 0x0000000707400000, 0x0000000707400000| Untracked 
|  63|0x0000000707500000, 0x0000000707500000, 0x0000000707600000|  0%| F|  |TAMS 0x0000000707500000, 0x0000000707500000| Untracked 
|  64|0x0000000707600000, 0x0000000707600000, 0x0000000707700000|  0%| F|  |TAMS 0x0000000707600000, 0x0000000707600000| Untracked 
|  65|0x0000000707700000, 0x0000000707700000, 0x0000000707800000|  0%| F|  |TAMS 0x0000000707700000, 0x0000000707700000| Untracked 
|  66|0x0000000707800000, 0x0000000707800000, 0x0000000707900000|  0%| F|  |TAMS 0x0000000707800000, 0x0000000707800000| Untracked 
|  67|0x0000000707900000, 0x0000000707900000, 0x0000000707a00000|  0%| F|  |TAMS 0x0000000707900000, 0x0000000707900000| Untracked 
|  68|0x0000000707a00000, 0x0000000707a00000, 0x0000000707b00000|  0%| F|  |TAMS 0x0000000707a00000, 0x0000000707a00000| Untracked 
|  69|0x0000000707b00000, 0x0000000707b00000, 0x0000000707c00000|  0%| F|  |TAMS 0x0000000707b00000, 0x0000000707b00000| Untracked 
|  70|0x0000000707c00000, 0x0000000707c00000, 0x0000000707d00000|  0%| F|  |TAMS 0x0000000707c00000, 0x0000000707c00000| Untracked 
|  71|0x0000000707d00000, 0x0000000707d00000, 0x0000000707e00000|  0%| F|  |TAMS 0x0000000707d00000, 0x0000000707d00000| Untracked 
|  72|0x0000000707e00000, 0x0000000707e00000, 0x0000000707f00000|  0%| F|  |TAMS 0x0000000707e00000, 0x0000000707e00000| Untracked 
|  73|0x0000000707f00000, 0x0000000707f00000, 0x0000000708000000|  0%| F|  |TAMS 0x0000000707f00000, 0x0000000707f00000| Untracked 
|  74|0x0000000708000000, 0x0000000708000000, 0x0000000708100000|  0%| F|  |TAMS 0x0000000708000000, 0x0000000708000000| Untracked 
|  75|0x0000000708100000, 0x0000000708100000, 0x0000000708200000|  0%| F|  |TAMS 0x0000000708100000, 0x0000000708100000| Untracked 
|  76|0x0000000708200000, 0x0000000708200000, 0x0000000708300000|  0%| F|  |TAMS 0x0000000708200000, 0x0000000708200000| Untracked 
|  77|0x0000000708300000, 0x0000000708300000, 0x0000000708400000|  0%| F|  |TAMS 0x0000000708300000, 0x0000000708300000| Untracked 
|  78|0x0000000708400000, 0x0000000708400000, 0x0000000708500000|  0%| F|  |TAMS 0x0000000708400000, 0x0000000708400000| Untracked 
|  79|0x0000000708500000, 0x0000000708500000, 0x0000000708600000|  0%| F|  |TAMS 0x0000000708500000, 0x0000000708500000| Untracked 
|  80|0x0000000708600000, 0x0000000708600000, 0x0000000708700000|  0%| F|  |TAMS 0x0000000708600000, 0x0000000708600000| Untracked 
|  81|0x0000000708700000, 0x0000000708700000, 0x0000000708800000|  0%| F|  |TAMS 0x0000000708700000, 0x0000000708700000| Untracked 
|  82|0x0000000708800000, 0x0000000708800000, 0x0000000708900000|  0%| F|  |TAMS 0x0000000708800000, 0x0000000708800000| Untracked 
|  83|0x0000000708900000, 0x0000000708900000, 0x0000000708a00000|  0%| F|  |TAMS 0x0000000708900000, 0x0000000708900000| Untracked 
|  84|0x0000000708a00000, 0x0000000708a00000, 0x0000000708b00000|  0%| F|  |TAMS 0x0000000708a00000, 0x0000000708a00000| Untracked 
|  85|0x0000000708b00000, 0x0000000708b00000, 0x0000000708c00000|  0%| F|  |TAMS 0x0000000708b00000, 0x0000000708b00000| Untracked 
|  86|0x0000000708c00000, 0x0000000708c00000, 0x0000000708d00000|  0%| F|  |TAMS 0x0000000708c00000, 0x0000000708c00000| Untracked 
|  87|0x0000000708d00000, 0x0000000708d00000, 0x0000000708e00000|  0%| F|  |TAMS 0x0000000708d00000, 0x0000000708d00000| Untracked 
|  88|0x0000000708e00000, 0x0000000708e00000, 0x0000000708f00000|  0%| F|  |TAMS 0x0000000708e00000, 0x0000000708e00000| Untracked 
|  89|0x0000000708f00000, 0x0000000708f00000, 0x0000000709000000|  0%| F|  |TAMS 0x0000000708f00000, 0x0000000708f00000| Untracked 
|  90|0x0000000709000000, 0x0000000709000000, 0x0000000709100000|  0%| F|  |TAMS 0x0000000709000000, 0x0000000709000000| Untracked 
|  91|0x0000000709100000, 0x0000000709100000, 0x0000000709200000|  0%| F|  |TAMS 0x0000000709100000, 0x0000000709100000| Untracked 
|  92|0x0000000709200000, 0x0000000709200000, 0x0000000709300000|  0%| F|  |TAMS 0x0000000709200000, 0x0000000709200000| Untracked 
|  93|0x0000000709300000, 0x0000000709300000, 0x0000000709400000|  0%| F|  |TAMS 0x0000000709300000, 0x0000000709300000| Untracked 
|  94|0x0000000709400000, 0x0000000709400000, 0x0000000709500000|  0%| F|  |TAMS 0x0000000709400000, 0x0000000709400000| Untracked 
|  95|0x0000000709500000, 0x0000000709500000, 0x0000000709600000|  0%| F|  |TAMS 0x0000000709500000, 0x0000000709500000| Untracked 
|  96|0x0000000709600000, 0x0000000709600000, 0x0000000709700000|  0%| F|  |TAMS 0x0000000709600000, 0x0000000709600000| Untracked 
|  97|0x0000000709700000, 0x0000000709700000, 0x0000000709800000|  0%| F|  |TAMS 0x0000000709700000, 0x0000000709700000| Untracked 
|  98|0x0000000709800000, 0x0000000709800000, 0x0000000709900000|  0%| F|  |TAMS 0x0000000709800000, 0x0000000709800000| Untracked 
|  99|0x0000000709900000, 0x0000000709900000, 0x0000000709a00000|  0%| F|  |TAMS 0x0000000709900000, 0x0000000709900000| Untracked 
| 100|0x0000000709a00000, 0x0000000709a00000, 0x0000000709b00000|  0%| F|  |TAMS 0x0000000709a00000, 0x0000000709a00000| Untracked 
| 101|0x0000000709b00000, 0x0000000709b00000, 0x0000000709c00000|  0%| F|  |TAMS 0x0000000709b00000, 0x0000000709b00000| Untracked 
| 102|0x0000000709c00000, 0x0000000709c00000, 0x0000000709d00000|  0%| F|  |TAMS 0x0000000709c00000, 0x0000000709c00000| Untracked 
| 103|0x0000000709d00000, 0x0000000709d00000, 0x0000000709e00000|  0%| F|  |TAMS 0x0000000709d00000, 0x0000000709d00000| Untracked 
| 104|0x0000000709e00000, 0x0000000709e00000, 0x0000000709f00000|  0%| F|  |TAMS 0x0000000709e00000, 0x0000000709e00000| Untracked 
| 105|0x0000000709f00000, 0x0000000709f00000, 0x000000070a000000|  0%| F|  |TAMS 0x0000000709f00000, 0x0000000709f00000| Untracked 
| 106|0x000000070a000000, 0x000000070a000000, 0x000000070a100000|  0%| F|  |TAMS 0x000000070a000000, 0x000000070a000000| Untracked 
| 107|0x000000070a100000, 0x000000070a100000, 0x000000070a200000|  0%| F|  |TAMS 0x000000070a100000, 0x000000070a100000| Untracked 
| 108|0x000000070a200000, 0x000000070a200000, 0x000000070a300000|  0%| F|  |TAMS 0x000000070a200000, 0x000000070a200000| Untracked 
| 109|0x000000070a300000, 0x000000070a300000, 0x000000070a400000|  0%| F|  |TAMS 0x000000070a300000, 0x000000070a300000| Untracked 
| 110|0x000000070a400000, 0x000000070a400000, 0x000000070a500000|  0%| F|  |TAMS 0x000000070a400000, 0x000000070a400000| Untracked 
| 111|0x000000070a500000, 0x000000070a500000, 0x000000070a600000|  0%| F|  |TAMS 0x000000070a500000, 0x000000070a500000| Untracked 
| 112|0x000000070a600000, 0x000000070a600000, 0x000000070a700000|  0%| F|  |TAMS 0x000000070a600000, 0x000000070a600000| Untracked 
| 113|0x000000070a700000, 0x000000070a700000, 0x000000070a800000|  0%| F|  |TAMS 0x000000070a700000, 0x000000070a700000| Untracked 
| 114|0x000000070a800000, 0x000000070a800000, 0x000000070a900000|  0%| F|  |TAMS 0x000000070a800000, 0x000000070a800000| Untracked 
| 115|0x000000070a900000, 0x000000070a900000, 0x000000070aa00000|  0%| F|  |TAMS 0x000000070a900000, 0x000000070a900000| Untracked 
| 116|0x000000070aa00000, 0x000000070aa00000, 0x000000070ab00000|  0%| F|  |TAMS 0x000000070aa00000, 0x000000070aa00000| Untracked 
| 117|0x000000070ab00000, 0x000000070ab00000, 0x000000070ac00000|  0%| F|  |TAMS 0x000000070ab00000, 0x000000070ab00000| Untracked 
| 118|0x000000070ac00000, 0x000000070ac00000, 0x000000070ad00000|  0%| F|  |TAMS 0x000000070ac00000, 0x000000070ac00000| Untracked 
| 119|0x000000070ad00000, 0x000000070ad00000, 0x000000070ae00000|  0%| F|  |TAMS 0x000000070ad00000, 0x000000070ad00000| Untracked 
| 120|0x000000070ae00000, 0x000000070ae00000, 0x000000070af00000|  0%| F|  |TAMS 0x000000070ae00000, 0x000000070ae00000| Untracked 
| 121|0x000000070af00000, 0x000000070af00000, 0x000000070b000000|  0%| F|  |TAMS 0x000000070af00000, 0x000000070af00000| Untracked 
| 122|0x000000070b000000, 0x000000070b000000, 0x000000070b100000|  0%| F|  |TAMS 0x000000070b000000, 0x000000070b000000| Untracked 
| 123|0x000000070b100000, 0x000000070b100000, 0x000000070b200000|  0%| F|  |TAMS 0x000000070b100000, 0x000000070b100000| Untracked 
| 124|0x000000070b200000, 0x000000070b200000, 0x000000070b300000|  0%| F|  |TAMS 0x000000070b200000, 0x000000070b200000| Untracked 
| 125|0x000000070b300000, 0x000000070b300000, 0x000000070b400000|  0%| F|  |TAMS 0x000000070b300000, 0x000000070b300000| Untracked 
| 126|0x000000070b400000, 0x000000070b400000, 0x000000070b500000|  0%| F|  |TAMS 0x000000070b400000, 0x000000070b400000| Untracked 
| 127|0x000000070b500000, 0x000000070b500000, 0x000000070b600000|  0%| F|  |TAMS 0x000000070b500000, 0x000000070b500000| Untracked 
| 128|0x000000070b600000, 0x000000070b600000, 0x000000070b700000|  0%| F|  |TAMS 0x000000070b600000, 0x000000070b600000| Untracked 
| 129|0x000000070b700000, 0x000000070b700000, 0x000000070b800000|  0%| F|  |TAMS 0x000000070b700000, 0x000000070b700000| Untracked 
| 130|0x000000070b800000, 0x000000070b800000, 0x000000070b900000|  0%| F|  |TAMS 0x000000070b800000, 0x000000070b800000| Untracked 
| 131|0x000000070b900000, 0x000000070b900000, 0x000000070ba00000|  0%| F|  |TAMS 0x000000070b900000, 0x000000070b900000| Untracked 
| 132|0x000000070ba00000, 0x000000070ba00000, 0x000000070bb00000|  0%| F|  |TAMS 0x000000070ba00000, 0x000000070ba00000| Untracked 
| 133|0x000000070bb00000, 0x000000070bb00000, 0x000000070bc00000|  0%| F|  |TAMS 0x000000070bb00000, 0x000000070bb00000| Untracked 
| 134|0x000000070bc00000, 0x000000070bc00000, 0x000000070bd00000|  0%| F|  |TAMS 0x000000070bc00000, 0x000000070bc00000| Untracked 
| 135|0x000000070bd00000, 0x000000070bd00000, 0x000000070be00000|  0%| F|  |TAMS 0x000000070bd00000, 0x000000070bd00000| Untracked 
| 136|0x000000070be00000, 0x000000070be00000, 0x000000070bf00000|  0%| F|  |TAMS 0x000000070be00000, 0x000000070be00000| Untracked 
| 137|0x000000070bf00000, 0x000000070bf00000, 0x000000070c000000|  0%| F|  |TAMS 0x000000070bf00000, 0x000000070bf00000| Untracked 
| 138|0x000000070c000000, 0x000000070c000000, 0x000000070c100000|  0%| F|  |TAMS 0x000000070c000000, 0x000000070c000000| Untracked 
| 139|0x000000070c100000, 0x000000070c100000, 0x000000070c200000|  0%| F|  |TAMS 0x000000070c100000, 0x000000070c100000| Untracked 
| 140|0x000000070c200000, 0x000000070c200000, 0x000000070c300000|  0%| F|  |TAMS 0x000000070c200000, 0x000000070c200000| Untracked 
| 141|0x000000070c300000, 0x000000070c300000, 0x000000070c400000|  0%| F|  |TAMS 0x000000070c300000, 0x000000070c300000| Untracked 
| 142|0x000000070c400000, 0x000000070c400000, 0x000000070c500000|  0%| F|  |TAMS 0x000000070c400000, 0x000000070c400000| Untracked 
| 143|0x000000070c500000, 0x000000070c500000, 0x000000070c600000|  0%| F|  |TAMS 0x000000070c500000, 0x000000070c500000| Untracked 
| 144|0x000000070c600000, 0x000000070c600000, 0x000000070c700000|  0%| F|  |TAMS 0x000000070c600000, 0x000000070c600000| Untracked 
| 145|0x000000070c700000, 0x000000070c700000, 0x000000070c800000|  0%| F|  |TAMS 0x000000070c700000, 0x000000070c700000| Untracked 
| 146|0x000000070c800000, 0x000000070c800000, 0x000000070c900000|  0%| F|  |TAMS 0x000000070c800000, 0x000000070c800000| Untracked 
| 147|0x000000070c900000, 0x000000070c900000, 0x000000070ca00000|  0%| F|  |TAMS 0x000000070c900000, 0x000000070c900000| Untracked 
| 148|0x000000070ca00000, 0x000000070ca00000, 0x000000070cb00000|  0%| F|  |TAMS 0x000000070ca00000, 0x000000070ca00000| Untracked 
| 149|0x000000070cb00000, 0x000000070cb00000, 0x000000070cc00000|  0%| F|  |TAMS 0x000000070cb00000, 0x000000070cb00000| Untracked 
| 150|0x000000070cc00000, 0x000000070cc00000, 0x000000070cd00000|  0%| F|  |TAMS 0x000000070cc00000, 0x000000070cc00000| Untracked 
| 151|0x000000070cd00000, 0x000000070cd00000, 0x000000070ce00000|  0%| F|  |TAMS 0x000000070cd00000, 0x000000070cd00000| Untracked 
| 152|0x000000070ce00000, 0x000000070ce00000, 0x000000070cf00000|  0%| F|  |TAMS 0x000000070ce00000, 0x000000070ce00000| Untracked 
| 153|0x000000070cf00000, 0x000000070cf00000, 0x000000070d000000|  0%| F|  |TAMS 0x000000070cf00000, 0x000000070cf00000| Untracked 
| 154|0x000000070d000000, 0x000000070d000000, 0x000000070d100000|  0%| F|  |TAMS 0x000000070d000000, 0x000000070d000000| Untracked 
| 155|0x000000070d100000, 0x000000070d100000, 0x000000070d200000|  0%| F|  |TAMS 0x000000070d100000, 0x000000070d100000| Untracked 
| 156|0x000000070d200000, 0x000000070d200000, 0x000000070d300000|  0%| F|  |TAMS 0x000000070d200000, 0x000000070d200000| Untracked 
| 157|0x000000070d300000, 0x000000070d300000, 0x000000070d400000|  0%| F|  |TAMS 0x000000070d300000, 0x000000070d300000| Untracked 
| 158|0x000000070d400000, 0x000000070d400000, 0x000000070d500000|  0%| F|  |TAMS 0x000000070d400000, 0x000000070d400000| Untracked 
| 159|0x000000070d500000, 0x000000070d500000, 0x000000070d600000|  0%| F|  |TAMS 0x000000070d500000, 0x000000070d500000| Untracked 
| 160|0x000000070d600000, 0x000000070d600000, 0x000000070d700000|  0%| F|  |TAMS 0x000000070d600000, 0x000000070d600000| Untracked 
| 161|0x000000070d700000, 0x000000070d700000, 0x000000070d800000|  0%| F|  |TAMS 0x000000070d700000, 0x000000070d700000| Untracked 
| 162|0x000000070d800000, 0x000000070d800000, 0x000000070d900000|  0%| F|  |TAMS 0x000000070d800000, 0x000000070d800000| Untracked 
| 163|0x000000070d900000, 0x000000070d900000, 0x000000070da00000|  0%| F|  |TAMS 0x000000070d900000, 0x000000070d900000| Untracked 
| 164|0x000000070da00000, 0x000000070da00000, 0x000000070db00000|  0%| F|  |TAMS 0x000000070da00000, 0x000000070da00000| Untracked 
| 165|0x000000070db00000, 0x000000070db00000, 0x000000070dc00000|  0%| F|  |TAMS 0x000000070db00000, 0x000000070db00000| Untracked 
| 166|0x000000070dc00000, 0x000000070dc00000, 0x000000070dd00000|  0%| F|  |TAMS 0x000000070dc00000, 0x000000070dc00000| Untracked 
| 167|0x000000070dd00000, 0x000000070dd00000, 0x000000070de00000|  0%| F|  |TAMS 0x000000070dd00000, 0x000000070dd00000| Untracked 
| 168|0x000000070de00000, 0x000000070de00000, 0x000000070df00000|  0%| F|  |TAMS 0x000000070de00000, 0x000000070de00000| Untracked 
| 169|0x000000070df00000, 0x000000070df00000, 0x000000070e000000|  0%| F|  |TAMS 0x000000070df00000, 0x000000070df00000| Untracked 
| 170|0x000000070e000000, 0x000000070e000000, 0x000000070e100000|  0%| F|  |TAMS 0x000000070e000000, 0x000000070e000000| Untracked 
| 171|0x000000070e100000, 0x000000070e100000, 0x000000070e200000|  0%| F|  |TAMS 0x000000070e100000, 0x000000070e100000| Untracked 
| 172|0x000000070e200000, 0x000000070e200000, 0x000000070e300000|  0%| F|  |TAMS 0x000000070e200000, 0x000000070e200000| Untracked 
| 173|0x000000070e300000, 0x000000070e300000, 0x000000070e400000|  0%| F|  |TAMS 0x000000070e300000, 0x000000070e300000| Untracked 
| 174|0x000000070e400000, 0x000000070e400000, 0x000000070e500000|  0%| F|  |TAMS 0x000000070e400000, 0x000000070e400000| Untracked 
| 175|0x000000070e500000, 0x000000070e500000, 0x000000070e600000|  0%| F|  |TAMS 0x000000070e500000, 0x000000070e500000| Untracked 
| 176|0x000000070e600000, 0x000000070e600000, 0x000000070e700000|  0%| F|  |TAMS 0x000000070e600000, 0x000000070e600000| Untracked 
| 177|0x000000070e700000, 0x000000070e700000, 0x000000070e800000|  0%| F|  |TAMS 0x000000070e700000, 0x000000070e700000| Untracked 
| 178|0x000000070e800000, 0x000000070e800000, 0x000000070e900000|  0%| F|  |TAMS 0x000000070e800000, 0x000000070e800000| Untracked 
| 179|0x000000070e900000, 0x000000070e900000, 0x000000070ea00000|  0%| F|  |TAMS 0x000000070e900000, 0x000000070e900000| Untracked 
| 180|0x000000070ea00000, 0x000000070ea00000, 0x000000070eb00000|  0%| F|  |TAMS 0x000000070ea00000, 0x000000070ea00000| Untracked 
| 181|0x000000070eb00000, 0x000000070eb00000, 0x000000070ec00000|  0%| F|  |TAMS 0x000000070eb00000, 0x000000070eb00000| Untracked 
| 182|0x000000070ec00000, 0x000000070ec00000, 0x000000070ed00000|  0%| F|  |TAMS 0x000000070ec00000, 0x000000070ec00000| Untracked 
| 183|0x000000070ed00000, 0x000000070ed00000, 0x000000070ee00000|  0%| F|  |TAMS 0x000000070ed00000, 0x000000070ed00000| Untracked 
| 184|0x000000070ee00000, 0x000000070ee00000, 0x000000070ef00000|  0%| F|  |TAMS 0x000000070ee00000, 0x000000070ee00000| Untracked 
| 185|0x000000070ef00000, 0x000000070ef00000, 0x000000070f000000|  0%| F|  |TAMS 0x000000070ef00000, 0x000000070ef00000| Untracked 
| 186|0x000000070f000000, 0x000000070f0b5860, 0x000000070f100000| 70%| S|CS|TAMS 0x000000070f000000, 0x000000070f000000| Complete 
| 187|0x000000070f100000, 0x000000070f200000, 0x000000070f200000|100%| S|CS|TAMS 0x000000070f100000, 0x000000070f100000| Complete 
| 188|0x000000070f200000, 0x000000070f300000, 0x000000070f300000|100%| S|CS|TAMS 0x000000070f200000, 0x000000070f200000| Complete 
| 189|0x000000070f300000, 0x000000070f400000, 0x000000070f400000|100%| S|CS|TAMS 0x000000070f300000, 0x000000070f300000| Complete 
| 190|0x000000070f400000, 0x000000070f500000, 0x000000070f500000|100%| S|CS|TAMS 0x000000070f400000, 0x000000070f400000| Complete 
| 191|0x000000070f500000, 0x000000070f600000, 0x000000070f600000|100%| S|CS|TAMS 0x000000070f500000, 0x000000070f500000| Complete 
| 192|0x000000070f600000, 0x000000070f700000, 0x000000070f700000|100%| S|CS|TAMS 0x000000070f600000, 0x000000070f600000| Complete 
| 193|0x000000070f700000, 0x000000070f800000, 0x000000070f800000|100%| S|CS|TAMS 0x000000070f700000, 0x000000070f700000| Complete 
| 194|0x000000070f800000, 0x000000070f900000, 0x000000070f900000|100%| S|CS|TAMS 0x000000070f800000, 0x000000070f800000| Complete 
| 195|0x000000070f900000, 0x000000070fa00000, 0x000000070fa00000|100%| S|CS|TAMS 0x000000070f900000, 0x000000070f900000| Complete 
| 196|0x000000070fa00000, 0x000000070fb00000, 0x000000070fb00000|100%| S|CS|TAMS 0x000000070fa00000, 0x000000070fa00000| Complete 
| 197|0x000000070fb00000, 0x000000070fb00000, 0x000000070fc00000|  0%| F|  |TAMS 0x000000070fb00000, 0x000000070fb00000| Untracked 
| 198|0x000000070fc00000, 0x000000070fc00000, 0x000000070fd00000|  0%| F|  |TAMS 0x000000070fc00000, 0x000000070fc00000| Untracked 
| 199|0x000000070fd00000, 0x000000070fd00000, 0x000000070fe00000|  0%| F|  |TAMS 0x000000070fd00000, 0x000000070fd00000| Untracked 
| 200|0x000000070fe00000, 0x000000070fe00000, 0x000000070ff00000|  0%| F|  |TAMS 0x000000070fe00000, 0x000000070fe00000| Untracked 
| 201|0x000000070ff00000, 0x000000070ff00000, 0x0000000710000000|  0%| F|  |TAMS 0x000000070ff00000, 0x000000070ff00000| Untracked 
| 202|0x0000000710000000, 0x0000000710000000, 0x0000000710100000|  0%| F|  |TAMS 0x0000000710000000, 0x0000000710000000| Untracked 
| 203|0x0000000710100000, 0x0000000710100000, 0x0000000710200000|  0%| F|  |TAMS 0x0000000710100000, 0x0000000710100000| Untracked 
| 204|0x0000000710200000, 0x0000000710200000, 0x0000000710300000|  0%| F|  |TAMS 0x0000000710200000, 0x0000000710200000| Untracked 
| 205|0x0000000710300000, 0x0000000710300000, 0x0000000710400000|  0%| F|  |TAMS 0x0000000710300000, 0x0000000710300000| Untracked 
| 206|0x0000000710400000, 0x0000000710400000, 0x0000000710500000|  0%| F|  |TAMS 0x0000000710400000, 0x0000000710400000| Untracked 
| 207|0x0000000710500000, 0x0000000710500000, 0x0000000710600000|  0%| F|  |TAMS 0x0000000710500000, 0x0000000710500000| Untracked 
| 208|0x0000000710600000, 0x0000000710600000, 0x0000000710700000|  0%| F|  |TAMS 0x0000000710600000, 0x0000000710600000| Untracked 
| 209|0x0000000710700000, 0x0000000710700000, 0x0000000710800000|  0%| F|  |TAMS 0x0000000710700000, 0x0000000710700000| Untracked 
| 210|0x0000000710800000, 0x0000000710800000, 0x0000000710900000|  0%| F|  |TAMS 0x0000000710800000, 0x0000000710800000| Untracked 
| 211|0x0000000710900000, 0x0000000710900000, 0x0000000710a00000|  0%| F|  |TAMS 0x0000000710900000, 0x0000000710900000| Untracked 
| 212|0x0000000710a00000, 0x0000000710a00000, 0x0000000710b00000|  0%| F|  |TAMS 0x0000000710a00000, 0x0000000710a00000| Untracked 
| 213|0x0000000710b00000, 0x0000000710b00000, 0x0000000710c00000|  0%| F|  |TAMS 0x0000000710b00000, 0x0000000710b00000| Untracked 
| 214|0x0000000710c00000, 0x0000000710c00000, 0x0000000710d00000|  0%| F|  |TAMS 0x0000000710c00000, 0x0000000710c00000| Untracked 
| 215|0x0000000710d00000, 0x0000000710d00000, 0x0000000710e00000|  0%| F|  |TAMS 0x0000000710d00000, 0x0000000710d00000| Untracked 
| 216|0x0000000710e00000, 0x0000000710e00000, 0x0000000710f00000|  0%| F|  |TAMS 0x0000000710e00000, 0x0000000710e00000| Untracked 
| 217|0x0000000710f00000, 0x0000000710f00000, 0x0000000711000000|  0%| F|  |TAMS 0x0000000710f00000, 0x0000000710f00000| Untracked 
| 218|0x0000000711000000, 0x0000000711000000, 0x0000000711100000|  0%| F|  |TAMS 0x0000000711000000, 0x0000000711000000| Untracked 
| 219|0x0000000711100000, 0x0000000711100000, 0x0000000711200000|  0%| F|  |TAMS 0x0000000711100000, 0x0000000711100000| Untracked 
| 220|0x0000000711200000, 0x0000000711200000, 0x0000000711300000|  0%| F|  |TAMS 0x0000000711200000, 0x0000000711200000| Untracked 
| 221|0x0000000711300000, 0x0000000711300000, 0x0000000711400000|  0%| F|  |TAMS 0x0000000711300000, 0x0000000711300000| Untracked 
| 222|0x0000000711400000, 0x0000000711400000, 0x0000000711500000|  0%| F|  |TAMS 0x0000000711400000, 0x0000000711400000| Untracked 
| 223|0x0000000711500000, 0x0000000711500000, 0x0000000711600000|  0%| F|  |TAMS 0x0000000711500000, 0x0000000711500000| Untracked 
| 224|0x0000000711600000, 0x0000000711600000, 0x0000000711700000|  0%| F|  |TAMS 0x0000000711600000, 0x0000000711600000| Untracked 
| 225|0x0000000711700000, 0x0000000711700000, 0x0000000711800000|  0%| F|  |TAMS 0x0000000711700000, 0x0000000711700000| Untracked 
| 226|0x0000000711800000, 0x0000000711800000, 0x0000000711900000|  0%| F|  |TAMS 0x0000000711800000, 0x0000000711800000| Untracked 
| 227|0x0000000711900000, 0x0000000711900000, 0x0000000711a00000|  0%| F|  |TAMS 0x0000000711900000, 0x0000000711900000| Untracked 
| 228|0x0000000711a00000, 0x0000000711a00000, 0x0000000711b00000|  0%| F|  |TAMS 0x0000000711a00000, 0x0000000711a00000| Untracked 
| 229|0x0000000711b00000, 0x0000000711b00000, 0x0000000711c00000|  0%| F|  |TAMS 0x0000000711b00000, 0x0000000711b00000| Untracked 
| 230|0x0000000711c00000, 0x0000000711c00000, 0x0000000711d00000|  0%| F|  |TAMS 0x0000000711c00000, 0x0000000711c00000| Untracked 
| 231|0x0000000711d00000, 0x0000000711d00000, 0x0000000711e00000|  0%| F|  |TAMS 0x0000000711d00000, 0x0000000711d00000| Untracked 
| 232|0x0000000711e00000, 0x0000000711e00000, 0x0000000711f00000|  0%| F|  |TAMS 0x0000000711e00000, 0x0000000711e00000| Untracked 
| 233|0x0000000711f00000, 0x0000000711f48b20, 0x0000000712000000| 28%| E|  |TAMS 0x0000000711f00000, 0x0000000711f00000| Complete 
| 234|0x0000000712000000, 0x0000000712100000, 0x0000000712100000|100%| E|CS|TAMS 0x0000000712000000, 0x0000000712000000| Complete 
| 235|0x0000000712100000, 0x0000000712200000, 0x0000000712200000|100%| E|CS|TAMS 0x0000000712100000, 0x0000000712100000| Complete 
| 236|0x0000000712200000, 0x0000000712300000, 0x0000000712300000|100%| E|CS|TAMS 0x0000000712200000, 0x0000000712200000| Complete 
| 237|0x0000000712300000, 0x0000000712400000, 0x0000000712400000|100%| E|CS|TAMS 0x0000000712300000, 0x0000000712300000| Complete 
| 238|0x0000000712400000, 0x0000000712500000, 0x0000000712500000|100%| E|CS|TAMS 0x0000000712400000, 0x0000000712400000| Complete 
| 239|0x0000000712500000, 0x0000000712600000, 0x0000000712600000|100%| E|CS|TAMS 0x0000000712500000, 0x0000000712500000| Complete 
| 240|0x0000000712600000, 0x0000000712700000, 0x0000000712700000|100%| E|CS|TAMS 0x0000000712600000, 0x0000000712600000| Complete 
| 241|0x0000000712700000, 0x0000000712800000, 0x0000000712800000|100%| E|CS|TAMS 0x0000000712700000, 0x0000000712700000| Complete 
| 242|0x0000000712800000, 0x0000000712900000, 0x0000000712900000|100%| E|CS|TAMS 0x0000000712800000, 0x0000000712800000| Complete 
| 243|0x0000000712900000, 0x0000000712a00000, 0x0000000712a00000|100%| E|CS|TAMS 0x0000000712900000, 0x0000000712900000| Complete 
| 244|0x0000000712a00000, 0x0000000712b00000, 0x0000000712b00000|100%| E|CS|TAMS 0x0000000712a00000, 0x0000000712a00000| Complete 
| 245|0x0000000712b00000, 0x0000000712c00000, 0x0000000712c00000|100%| E|CS|TAMS 0x0000000712b00000, 0x0000000712b00000| Complete 
| 246|0x0000000712c00000, 0x0000000712d00000, 0x0000000712d00000|100%| E|CS|TAMS 0x0000000712c00000, 0x0000000712c00000| Complete 
| 247|0x0000000712d00000, 0x0000000712e00000, 0x0000000712e00000|100%| E|CS|TAMS 0x0000000712d00000, 0x0000000712d00000| Complete 
| 248|0x0000000712e00000, 0x0000000712f00000, 0x0000000712f00000|100%| E|CS|TAMS 0x0000000712e00000, 0x0000000712e00000| Complete 
| 249|0x0000000712f00000, 0x0000000713000000, 0x0000000713000000|100%| E|CS|TAMS 0x0000000712f00000, 0x0000000712f00000| Complete 
| 250|0x0000000713000000, 0x0000000713100000, 0x0000000713100000|100%| E|CS|TAMS 0x0000000713000000, 0x0000000713000000| Complete 
| 251|0x0000000713100000, 0x0000000713200000, 0x0000000713200000|100%| E|CS|TAMS 0x0000000713100000, 0x0000000713100000| Complete 
| 252|0x0000000713200000, 0x0000000713300000, 0x0000000713300000|100%| E|CS|TAMS 0x0000000713200000, 0x0000000713200000| Complete 
| 253|0x0000000713300000, 0x0000000713400000, 0x0000000713400000|100%| E|CS|TAMS 0x0000000713300000, 0x0000000713300000| Complete 

Card table byte_map: [0x00000281fdbf0000,0x00000281fe3e0000] _byte_map_base: 0x00000281fa3d5000

Marking Bits (Prev, Next): (CMBitMap*) 0x00000281fd07a230, (CMBitMap*) 0x00000281fd07a1f8
 Prev Bits: [0x000002819b260000, 0x000002819f188000)
 Next Bits: [0x0000028197330000, 0x000002819b258000)

Polling page: 0x00000281fae40000

Metaspace:

Usage:
  Non-class:     51.73 MB capacity,    50.45 MB ( 98%) used,     1.04 MB (  2%) free+waste,   250.31 KB ( <1%) overhead. 
      Class:      8.14 MB capacity,     7.28 MB ( 89%) used,   751.01 KB (  9%) free+waste,   125.56 KB (  2%) overhead. 
       Both:     59.87 MB capacity,    57.72 MB ( 96%) used,     1.78 MB (  3%) free+waste,   375.88 KB ( <1%) overhead. 

Virtual space:
  Non-class space:       52.00 MB reserved,      51.92 MB (>99%) committed 
      Class space:        1.00 GB reserved,       8.16 MB ( <1%) committed 
             Both:        1.05 GB reserved,      60.08 MB (  6%) committed 

Chunk freelists:
   Non-Class:  256 bytes
       Class:  2.63 KB
        Both:  2.88 KB

CodeHeap 'non-profiled nmethods': size=238336Kb used=10379Kb max_used=10396Kb free=227956Kb
 bounds [0x0000028188a70000, 0x00000281894a0000, 0x0000028197330000]
CodeHeap 'non-nmethods': size=7424Kb used=1257Kb max_used=1257Kb free=6166Kb
 bounds [0x0000028188330000, 0x00000281885a0000, 0x0000028188a70000]
 total_blobs=6572 nmethods=5963 adapters=534
 compilation: enabled
              stopped_count=0, restarted_count=0
 full_count=0

Compilation events (10 events):
Event: 14.091 Thread 0x00000281a12ac000 5982       1       io.netty.util.HashedWheelTimer$HashedWheelBucket::clearTimeouts (38 bytes)
Event: 14.092 Thread 0x00000281a12ac000 nmethod 5982 0x0000028188af7290 code [0x0000028188af7440, 0x0000028188af7660]
Event: 14.092 Thread 0x00000281a12ac000 5983       1       io.netty.util.HashedWheelTimer$HashedWheelBucket::pollTimeout (60 bytes)
Event: 14.092 Thread 0x00000281a12ac000 nmethod 5983 0x0000028188af6d10 code [0x0000028188af6ec0, 0x0000028188af71b8]
Event: 14.092 Thread 0x00000281a12ac000 5984       1       io.netty.util.internal.InternalThreadLocalMap::get (23 bytes)
Event: 14.093 Thread 0x00000281a12ac000 nmethod 5984 0x0000028188c03d90 code [0x0000028188c03fc0, 0x0000028188c048f0]
Event: 14.093 Thread 0x00000281a12ac000 5986       1       java.util.Arrays::fill (21 bytes)
Event: 14.093 Thread 0x00000281a12ac000 nmethod 5986 0x0000028188af6890 code [0x0000028188af6a40, 0x0000028188af6c38]
Event: 14.093 Thread 0x00000281a12ac000 5985       1       io.netty.util.concurrent.FastThreadLocalThread::threadLocalMap (40 bytes)
Event: 14.094 Thread 0x00000281a12ac000 nmethod 5985 0x0000028188c15a90 code [0x0000028188c15ca0, 0x0000028188c160b0]

GC Heap History (10 events):
Event: 2.327 GC heap before
{Heap before GC invocations=4 (full 0):
 garbage-first heap   total 260096K, used 93952K [0x0000000703600000, 0x0000000800000000)
  region size 1024K, 83 young (84992K), 3 survivors (3072K)
 Metaspace       used 26776K, capacity 27689K, committed 27900K, reserved 1073152K
  class space    used 3217K, capacity 3608K, committed 3660K, reserved 1048576K
}
Event: 2.331 GC heap after
{Heap after GC invocations=5 (full 0):
 garbage-first heap   total 260096K, used 15102K [0x0000000703600000, 0x0000000800000000)
  region size 1024K, 6 young (6144K), 6 survivors (6144K)
 Metaspace       used 26776K, capacity 27689K, committed 27900K, reserved 1073152K
  class space    used 3217K, capacity 3608K, committed 3660K, reserved 1048576K
}
Event: 3.037 GC heap before
{Heap before GC invocations=5 (full 0):
 garbage-first heap   total 260096K, used 122622K [0x0000000703600000, 0x0000000800000000)
  region size 1024K, 112 young (114688K), 6 survivors (6144K)
 Metaspace       used 34681K, capacity 35797K, committed 35964K, reserved 1081344K
  class space    used 4270K, capacity 4694K, committed 4812K, reserved 1048576K
}
Event: 3.043 GC heap after
{Heap after GC invocations=6 (full 0):
 garbage-first heap   total 260096K, used 18309K [0x0000000703600000, 0x0000000800000000)
  region size 1024K, 9 young (9216K), 9 survivors (9216K)
 Metaspace       used 34681K, capacity 35797K, committed 35964K, reserved 1081344K
  class space    used 4270K, capacity 4694K, committed 4812K, reserved 1048576K
}
Event: 4.134 GC heap before
{Heap before GC invocations=7 (full 0):
 garbage-first heap   total 260096K, used 164741K [0x0000000703600000, 0x0000000800000000)
  region size 1024K, 152 young (155648K), 9 survivors (9216K)
 Metaspace       used 46589K, capacity 48254K, committed 48508K, reserved 1091584K
  class space    used 5870K, capacity 6539K, committed 6604K, reserved 1048576K
}
Event: 4.146 GC heap after
{Heap after GC invocations=8 (full 0):
 garbage-first heap   total 260096K, used 24014K [0x0000000703600000, 0x0000000800000000)
  region size 1024K, 14 young (14336K), 14 survivors (14336K)
 Metaspace       used 46589K, capacity 48254K, committed 48508K, reserved 1091584K
  class space    used 5870K, capacity 6539K, committed 6604K, reserved 1048576K
}
Event: 5.125 GC heap before
{Heap before GC invocations=8 (full 0):
 garbage-first heap   total 260096K, used 165326K [0x0000000703600000, 0x0000000800000000)
  region size 1024K, 152 young (155648K), 14 survivors (14336K)
 Metaspace       used 51750K, capacity 53594K, committed 53756K, reserved 1095680K
  class space    used 6495K, capacity 7223K, committed 7244K, reserved 1048576K
}
Event: 5.140 GC heap after
{Heap after GC invocations=9 (full 0):
 garbage-first heap   total 260096K, used 30458K [0x0000000703600000, 0x0000000800000000)
  region size 1024K, 16 young (16384K), 16 survivors (16384K)
 Metaspace       used 51750K, capacity 53594K, committed 53756K, reserved 1095680K
  class space    used 6495K, capacity 7223K, committed 7244K, reserved 1048576K
}
Event: 5.878 GC heap before
{Heap before GC invocations=9 (full 0):
 garbage-first heap   total 260096K, used 87802K [0x0000000703600000, 0x0000000800000000)
  region size 1024K, 73 young (74752K), 16 survivors (16384K)
 Metaspace       used 58143K, capacity 60229K, committed 60368K, reserved 1101824K
  class space    used 7293K, capacity 8143K, committed 8224K, reserved 1048576K
}
Event: 5.889 GC heap after
{Heap after GC invocations=10 (full 0):
 garbage-first heap   total 260096K, used 33886K [0x0000000703600000, 0x0000000800000000)
  region size 1024K, 11 young (11264K), 11 survivors (11264K)
 Metaspace       used 58143K, capacity 60229K, committed 60368K, reserved 1101824K
  class space    used 7293K, capacity 8143K, committed 8224K, reserved 1048576K
}

Deoptimization events (0 events):
No events

Classes redefined (0 events):
No events

Internal exceptions (10 events):
Event: 5.789 Thread 0x00000281a27fb800 Exception <a 'java/lang/NoSuchMethodError'{0x0000000710a5dea8}: java.lang.invoke.DirectMethodHandle$Holder.invokeVirtual(Ljava/lang/Object;Ljava/lang/Object;)V> (0x0000000710a5dea8) thrown at [./open/src/hotspot/share/interpreter/linkResolver.cpp, line 77
Event: 5.921 Thread 0x00000281a5602800 Exception <a 'java/lang/NoSuchMethodError'{0x0000000713242668}: java.lang.invoke.DirectMethodHandle$Holder.invokeInterface(Ljava/lang/Object;Ljava/lang/Object;Ljava/lang/Object;J)V> (0x0000000713242668) thrown at [./open/src/hotspot/share/interpreter/link
Event: 5.921 Thread 0x00000281a5602800 Exception <a 'java/lang/IncompatibleClassChangeError'{0x00000007132455f8}: Found class java.lang.Object, but interface was expected> (0x00000007132455f8) thrown at [./open/src/hotspot/share/interpreter/linkResolver.cpp, line 838]
Event: 5.923 Thread 0x00000281a5602800 Exception <a 'java/lang/IncompatibleClassChangeError'{0x00000007131048f8}: Found class java.lang.Object, but interface was expected> (0x00000007131048f8) thrown at [./open/src/hotspot/share/interpreter/linkResolver.cpp, line 838]
Event: 13.681 Thread 0x00000281a5602800 Exception <a 'java/lang/IncompatibleClassChangeError'{0x000000071310d8d0}: Found class java.lang.Object, but interface was expected> (0x000000071310d8d0) thrown at [./open/src/hotspot/share/interpreter/linkResolver.cpp, line 838]
Event: 13.681 Thread 0x00000281a5605800 Exception <a 'java/lang/NoSuchMethodError'{0x0000000712915fb0}: java.lang.invoke.DirectMethodHandle$Holder.invokeInterface(Ljava/lang/Object;Ljava/lang/Object;)V> (0x0000000712915fb0) thrown at [./open/src/hotspot/share/interpreter/linkResolver.cpp, line 
Event: 13.686 Thread 0x00000281a5602800 Exception <a 'java/lang/ClassNotFoundException'{0x000000071313d0b8}: jdk/jfr/internal/handlers/EventHandler12157_1717834938589-10716> (0x000000071313d0b8) thrown at [./open/src/hotspot/share/classfile/systemDictionary.cpp, line 228]
Event: 13.688 Thread 0x00000281a5602800 Exception <a 'java/lang/ClassNotFoundException'{0x000000071286b1a8}: jdk/jfr/internal/handlers/EventHandler12165_1717834938589-10716> (0x000000071286b1a8) thrown at [./open/src/hotspot/share/classfile/systemDictionary.cpp, line 228]
Event: 13.957 Thread 0x00000281a509a000 Exception <a 'java/lang/InterruptedException'{0x0000000712480840}: sleep interrupted> (0x0000000712480840) thrown at [./open/src/hotspot/share/prims/jvm.cpp, line 3106]
Event: 14.091 Thread 0x00000281a4ee9800 Exception <a 'java/lang/InterruptedException'{0x0000000712048c40}: sleep interrupted> (0x0000000712048c40) thrown at [./open/src/hotspot/share/prims/jvm.cpp, line 3106]

Events (10 events):
Event: 14.093 Thread 0x00000281a5603000 Thread exited: 0x00000281a5603000
Event: 14.093 Thread 0x00000281a55fe800 Thread exited: 0x00000281a55fe800
Event: 14.094 Thread 0x00000281a5601800 Thread exited: 0x00000281a5601800
Event: 14.094 Executing VM operation: RevokeBias
Event: 14.094 Thread 0x00000281a5605000 Thread exited: 0x00000281a5605000
Event: 14.094 Executing VM operation: RevokeBias done
Event: 14.094 Thread 0x00000281a5143000 Thread exited: 0x00000281a5143000
Event: 14.094 Executing VM operation: BulkRevokeBias
Event: 14.094 Executing VM operation: BulkRevokeBias done
Event: 14.095 Executing VM operation: G1CollectFull


Dynamic libraries:
0x00007ff646c00000 - 0x00007ff646c0f000 	D:\JDK\bin\java.exe
0x00007ff8c5350000 - 0x00007ff8c5567000 	C:\WINDOWS\SYSTEM32\ntdll.dll
0x00007ff8c3660000 - 0x00007ff8c3724000 	C:\WINDOWS\System32\KERNEL32.DLL
0x00007ff8c2880000 - 0x00007ff8c2c27000 	C:\WINDOWS\System32\KERNELBASE.dll
0x00007ff8c2f60000 - 0x00007ff8c3071000 	C:\WINDOWS\System32\ucrtbase.dll
0x00007ff89da50000 - 0x00007ff89da68000 	D:\JDK\bin\jli.dll
0x00007ff89ff20000 - 0x00007ff89ff35000 	D:\JDK\bin\VCRUNTIME140.dll
0x00007ff8c46c0000 - 0x00007ff8c4772000 	C:\WINDOWS\System32\ADVAPI32.dll
0x00007ff8c4280000 - 0x00007ff8c4327000 	C:\WINDOWS\System32\msvcrt.dll
0x00007ff8c4610000 - 0x00007ff8c46b8000 	C:\WINDOWS\System32\sechost.dll
0x00007ff8c2c30000 - 0x00007ff8c2c58000 	C:\WINDOWS\System32\bcrypt.dll
0x00007ff8c31b0000 - 0x00007ff8c32c5000 	C:\WINDOWS\System32\RPCRT4.dll
0x00007ff8c4ff0000 - 0x00007ff8c519e000 	C:\WINDOWS\System32\USER32.dll
0x00007ff8c2f30000 - 0x00007ff8c2f56000 	C:\WINDOWS\System32\win32u.dll
0x00007ff8c4330000 - 0x00007ff8c4359000 	C:\WINDOWS\System32\GDI32.dll
0x00007ff8a4be0000 - 0x00007ff8a4e73000 	C:\WINDOWS\WinSxS\amd64_microsoft.windows.common-controls_6595b64144ccf1df_6.0.22621.3527_none_270e469b73872a76\COMCTL32.dll
0x00007ff8c26f0000 - 0x00007ff8c2809000 	C:\WINDOWS\System32\gdi32full.dll
0x00007ff8c2dd0000 - 0x00007ff8c2e6a000 	C:\WINDOWS\System32\msvcp_win.dll
0x00007ff8b6ad0000 - 0x00007ff8b6ada000 	C:\WINDOWS\SYSTEM32\VERSION.dll
0x00007ff8c3730000 - 0x00007ff8c3761000 	C:\WINDOWS\System32\IMM32.DLL
0x00007ff863600000 - 0x00007ff86369b000 	D:\JDK\bin\msvcp140.dll
0x00007ff8243f0000 - 0x00007ff824ed6000 	D:\JDK\bin\server\jvm.dll
0x00007ff8c51a0000 - 0x00007ff8c51a8000 	C:\WINDOWS\System32\PSAPI.DLL
0x00007ff894100000 - 0x00007ff894109000 	C:\WINDOWS\SYSTEM32\WSOCK32.dll
0x00007ff8bbb50000 - 0x00007ff8bbb84000 	C:\WINDOWS\SYSTEM32\WINMM.dll
0x00007ff8c3860000 - 0x00007ff8c38d1000 	C:\WINDOWS\System32\WS2_32.dll
0x00007ff8c1780000 - 0x00007ff8c1798000 	C:\WINDOWS\SYSTEM32\kernel.appcore.dll
0x00007ff8a0f20000 - 0x00007ff8a0f30000 	D:\JDK\bin\verify.dll
0x00007ff8bf880000 - 0x00007ff8bfab2000 	C:\WINDOWS\SYSTEM32\DBGHELP.DLL
0x00007ff8c39c0000 - 0x00007ff8c3d48000 	C:\WINDOWS\System32\combase.dll
0x00007ff8c38e0000 - 0x00007ff8c39b7000 	C:\WINDOWS\System32\OLEAUT32.dll
0x00007ff89b000000 - 0x00007ff89b032000 	C:\WINDOWS\SYSTEM32\dbgcore.DLL
0x00007ff8c2670000 - 0x00007ff8c26e9000 	C:\WINDOWS\System32\bcryptPrimitives.dll
0x00007ff89d450000 - 0x00007ff89d478000 	D:\JDK\bin\java.dll
0x00007ff8a0000000 - 0x00007ff8a000a000 	D:\JDK\bin\jimage.dll
0x00007ff89f610000 - 0x00007ff89f61e000 	D:\JDK\bin\instrument.dll
0x00007ff89d8f0000 - 0x00007ff89d906000 	D:\JDK\bin\zip.dll
0x00007ff8c4780000 - 0x00007ff8c4fdc000 	C:\WINDOWS\System32\SHELL32.dll
0x00007ff8c05c0000 - 0x00007ff8c0eb6000 	C:\WINDOWS\SYSTEM32\windows.storage.dll
0x00007ff8c0480000 - 0x00007ff8c05be000 	C:\WINDOWS\SYSTEM32\wintypes.dll
0x00007ff8c3540000 - 0x00007ff8c3635000 	C:\WINDOWS\System32\SHCORE.dll
0x00007ff8c3080000 - 0x00007ff8c30de000 	C:\WINDOWS\System32\shlwapi.dll
0x00007ff8c25a0000 - 0x00007ff8c25c1000 	C:\WINDOWS\SYSTEM32\profapi.dll
0x00007ff89d1b0000 - 0x00007ff89d1c9000 	D:\JDK\bin\net.dll
0x00007ff8bc590000 - 0x00007ff8bc6c6000 	C:\WINDOWS\SYSTEM32\WINHTTP.dll
0x00007ff8c1bf0000 - 0x00007ff8c1c59000 	C:\WINDOWS\system32\mswsock.dll
0x00007ff89bb80000 - 0x00007ff89bb92000 	D:\JDK\bin\nio.dll
0x00007ff89b5c0000 - 0x00007ff89b5da000 	D:\idea\IntelliJ IDEA 2023.2.1\bin\breakgen64.dll
0x00007ff8c1200000 - 0x00007ff8c12f8000 	C:\WINDOWS\SYSTEM32\DNSAPI.dll
0x00007ff8c11d0000 - 0x00007ff8c11fd000 	C:\WINDOWS\SYSTEM32\IPHLPAPI.DLL
0x00007ff8c4270000 - 0x00007ff8c4279000 	C:\WINDOWS\System32\NSI.dll
0x00007ff8b6ae0000 - 0x00007ff8b6aea000 	C:\Windows\System32\rasadhlp.dll
0x00007ff8b6970000 - 0x00007ff8b69f3000 	C:\WINDOWS\System32\fwpuclnt.dll
0x00007ff89ff90000 - 0x00007ff89ff99000 	D:\JDK\bin\management.dll
0x00007ff89f6c0000 - 0x00007ff89f6cb000 	D:\JDK\bin\management_ext.dll
0x00007ff8c1e50000 - 0x00007ff8c1e6b000 	C:\WINDOWS\SYSTEM32\CRYPTSP.dll
0x00007ff8c16e0000 - 0x00007ff8c1715000 	C:\WINDOWS\system32\rsaenh.dll
0x00007ff8c1cf0000 - 0x00007ff8c1d18000 	C:\WINDOWS\SYSTEM32\USERENV.dll
0x00007ff8c1e70000 - 0x00007ff8c1e7c000 	C:\WINDOWS\SYSTEM32\CRYPTBASE.dll
0x00007ff8bc570000 - 0x00007ff8bc589000 	C:\WINDOWS\SYSTEM32\dhcpcsvc6.DLL
0x00007ff8bc4e0000 - 0x00007ff8bc4ff000 	C:\WINDOWS\SYSTEM32\dhcpcsvc.DLL
0x00007ff88e7e0000 - 0x00007ff88e7f7000 	C:\WINDOWS\system32\napinsp.dll
0x00007ff88e770000 - 0x00007ff88e78b000 	C:\WINDOWS\system32\pnrpnsp.dll
0x00007ff88e750000 - 0x00007ff88e761000 	C:\WINDOWS\System32\winrnr.dll
0x00007ff88e730000 - 0x00007ff88e745000 	C:\WINDOWS\system32\wshbth.dll
0x00007ff88e700000 - 0x00007ff88e727000 	C:\WINDOWS\system32\nlansp_c.dll
0x00007ff89b4d0000 - 0x00007ff89b4f5000 	D:\JDK\bin\sunec.dll
0x00007ff89d9c0000 - 0x00007ff89d9cd000 	D:\JDK\bin\sunmscapi.dll
0x00007ff8c2c60000 - 0x00007ff8c2dc8000 	C:\WINDOWS\System32\CRYPT32.dll
0x00007ff8c2010000 - 0x00007ff8c203e000 	C:\WINDOWS\SYSTEM32\ncrypt.dll
0x00007ff8c1fd0000 - 0x00007ff8c2007000 	C:\WINDOWS\SYSTEM32\NTASN1.dll

dbghelp: loaded successfully - version: 4.0.5 - missing functions: none
symbol engine: initialized successfully - sym options: 0x614 - pdb path: .;D:\JDK\bin;C:\WINDOWS\SYSTEM32;C:\WINDOWS\WinSxS\amd64_microsoft.windows.common-controls_6595b64144ccf1df_6.0.22621.3527_none_270e469b73872a76;D:\JDK\bin\server;D:\idea\IntelliJ IDEA 2023.2.1\bin

VM Arguments:
jvm_args: -XX:TieredStopAtLevel=1 -Xverify:none -Dspring.output.ansi.enabled=always -Dcom.sun.management.jmxremote -Dspring.jmx.enabled=true -Dspring.liveBeansView.mbeanDomain -Dspring.application.admin.enabled=true -Dmanagement.endpoints.jmx.exposure.include=* -javaagent:D:\idea\IntelliJ IDEA 2023.2.1\lib\idea_rt.jar=58059:D:\idea\IntelliJ IDEA 2023.2.1\bin -Dfile.encoding=UTF-8 
java_command: com.napnap.NapNapApplication
java_class_path (initial): D:\CodeStudy\androidcode\napnap\target\classes;D:\maven\apache-maven-3.6.1\mvn_resp\org\springframework\boot\spring-boot-starter-web\2.7.2\spring-boot-starter-web-2.7.2.jar;D:\maven\apache-maven-3.6.1\mvn_resp\org\springframework\boot\spring-boot-starter\2.7.2\spring-boot-starter-2.7.2.jar;D:\maven\apache-maven-3.6.1\mvn_resp\org\springframework\boot\spring-boot-starter-logging\2.7.2\spring-boot-starter-logging-2.7.2.jar;D:\maven\apache-maven-3.6.1\mvn_resp\ch\qos\logback\logback-classic\1.2.11\logback-classic-1.2.11.jar;D:\maven\apache-maven-3.6.1\mvn_resp\ch\qos\logback\logback-core\1.2.11\logback-core-1.2.11.jar;D:\maven\apache-maven-3.6.1\mvn_resp\org\apache\logging\log4j\log4j-to-slf4j\2.17.2\log4j-to-slf4j-2.17.2.jar;D:\maven\apache-maven-3.6.1\mvn_resp\org\apache\logging\log4j\log4j-api\2.17.2\log4j-api-2.17.2.jar;D:\maven\apache-maven-3.6.1\mvn_resp\org\slf4j\jul-to-slf4j\1.7.36\jul-to-slf4j-1.7.36.jar;D:\maven\apache-maven-3.6.1\mvn_resp\jakarta\annotation\jakarta.annotation-api\1.3.5\jakarta.annotation-api-1.3.5.jar;D:\maven\apache-maven-3.6.1\mvn_resp\org\yaml\snakeyaml\1.30\snakeyaml-1.30.jar;D:\maven\apache-maven-3.6.1\mvn_resp\org\springframework\boot\spring-boot-starter-json\2.7.2\spring-boot-starter-json-2.7.2.jar;D:\maven\apache-maven-3.6.1\mvn_resp\com\fasterxml\jackson\core\jackson-databind\2.13.3\jackson-databind-2.13.3.jar;D:\maven\apache-maven-3.6.1\mvn_resp\com\fasterxml\jackson\core\jackson-core\2.13.3\jackson-core-2.13.3.jar;D:\maven\apache-maven-3.6.1\mvn_resp\com\fasterxml\jackson\datatype\jackson-datatype-jdk8\2.13.3\jackson-datatype-jdk8-2.13.3.jar;D:\maven\apache-maven-3.6.1\mvn_resp\com\fasterxml\jackson\datatype\jackson-datatype-jsr310\2.13.3\jackson-datatype-jsr310-2.13.3.jar;D:\maven\apache-maven-3.6.1\mvn_resp\com\fasterxml\jackson\module\jackson-module-parameter-names\2.13.3\jackson-module-parameter-names-2.13.3.jar;D:\maven\apache-maven-3.6.1\mvn_resp\org\springframework\boot\spring-boot-starter-tomca
Launcher Type: SUN_STANDARD

[Global flags]
     bool BytecodeVerificationLocal                = false                                     {product} {command line}
     bool BytecodeVerificationRemote               = false                                     {product} {command line}
     intx CICompilerCount                          = 4                                         {product} {ergonomic}
     uint ConcGCThreads                            = 2                                         {product} {ergonomic}
     uint G1ConcRefinementThreads                  = 8                                         {product} {ergonomic}
   size_t G1HeapRegionSize                         = 1048576                                   {product} {ergonomic}
    uintx GCDrainStackTargetSize                   = 64                                        {product} {ergonomic}
   size_t InitialHeapSize                          = 266338304                                 {product} {ergonomic}
     bool ManagementServer                         = true                                      {product} {command line}
   size_t MarkStackSize                            = 4194304                                   {product} {ergonomic}
   size_t MaxHeapSize                              = 4238344192                                {product} {ergonomic}
   size_t MaxNewSize                               = 2542796800                                {product} {ergonomic}
   size_t MinHeapDeltaBytes                        = 1048576                                   {product} {ergonomic}
    uintx NonNMethodCodeHeapSize                   = 7549744                                {pd product} {ergonomic}
    uintx NonProfiledCodeHeapSize                  = 244108496                              {pd product} {ergonomic}
    uintx ProfiledCodeHeapSize                     = 0                                      {pd product} {ergonomic}
    uintx ReservedCodeCacheSize                    = 251658240                              {pd product} {ergonomic}
     bool SegmentedCodeCache                       = true                                      {product} {ergonomic}
     intx TieredStopAtLevel                        = 1                                         {product} {command line}
     bool UseCompressedClassPointers               = true                                 {lp64_product} {ergonomic}
     bool UseCompressedOops                        = true                                 {lp64_product} {ergonomic}
     bool UseG1GC                                  = true                                      {product} {ergonomic}
     bool UseLargePagesIndividualAllocation        = false                                  {pd product} {ergonomic}

Logging:
Log output configuration:
 #0: stdout all=warning uptime,level,tags
 #1: stderr all=off uptime,level,tags

Environment Variables:
JAVA_HOME=D:\JDK
CLASSPATH=D:\JMeter\apache-jmeter-5.5\lib\ext\ApacheJMeter_core.jar;D:\JMeter\apache-jmeter-5.5\lib\jorphan.jar;D:\JDK\lib\dt.jar;D:\JDK\lib\tools.jar
PATH=C:\Python311\Scripts\;C:\Python311\;C:\Program Files\Common Files\Oracle\Java\javapath;C:\Windows\system32;C:\Windows;C:\Windows\System32\Wbem;C:\Windows\System32\WindowsPowerShell\v1.0\;C:\Windows\System32\OpenSSH\;C:\Program Files (x86)\NVIDIA Corporation\PhysX\Common;C:\Program Files\NVIDIA Corporation\NVIDIA NvDLISR;C:\Program Files\Bandizip\;C:\Program Files\MySQL\MySQL Server 8.0\bin;D:\maven\apache-maven-3.6.1\bin;D:\JDK\bin;D:\JDK\jre\bin;D:\Git\cmd;D:\vscode\x86_64-8.1.0-release-win32-seh-rt_v6-rev0\mingw64\bin;D:\;%NODE_PATH%;C:\ProgramData\chocolatey\bin;D:\nvm\nvm;D:\nodejs;D:\nodejs;C:\WINDOWS\system32;C:\WINDOWS;C:\WINDOWS\System32\Wbem;C:\WINDOWS\System32\WindowsPowerShell\v1.0\;C:\WINDOWS\System32\OpenSSH\;D:\Erlang\Erlang OTP\bin;C:\Program Files\dotnet\;D:\Go\bin;C:\Program Files\MySQL\MySQL Shell 8.0\bin\;C:\Users\13123\AppData\Local\Microsoft\WindowsApps;D:\download\Microsoft VS Code\bin;D:\vscode\x86_64-8.1.0-release-win32-seh-rt_v6-rev0\mingw64\bin;D:\Qt\Qt5.14.2\5.14.2\msvc2017_64\bin;D:\webStorm\WebStorm 2020.1.2\bin;;C:\Program Files\JetBrains\IntelliJ IDEA 2021.2.3\bin;;D:\下载\Microsoft VS Code\bin;D:\JDK\bin;D:\CLion\CLion 2022.2.1\bin;;D:\NodeJs\node_global;D:\JMeter\apache-jmeter-5.5\bin;C:\Users\13123\AppData\Local\GitHubDesktop\bin;D:\protoc\bin;D:\CodeStudy\java笔记\学成在线\资料\ffmpeg;D:\nvm\nvm;D:\nodejs;C:\Users\13123\.dotnet\tools;C:\Users\13123\go\bin;D:\Gradle\gradle-8.7-bin\gradle-8.7\bin\;
USERNAME=13123
OS=Windows_NT
PROCESSOR_IDENTIFIER=Intel64 Family 6 Model 140 Stepping 1, GenuineIntel



---------------  S Y S T E M  ---------------

OS: Windows 10 , 64 bit Build 22621 (10.0.22621.3527)

CPU:total 8 (initial active 8) (4 cores per cpu, 2 threads per core) family 6 model 140 stepping 1, cmov, cx8, fxsr, mmx, sse, sse2, sse3, ssse3, sse4.1, sse4.2, popcnt, avx, avx2, aes, clmul, erms, 3dnowpref, lzcnt, ht, tsc, tscinvbit, bmi1, bmi2, adx, evex, sha, fma

Memory: 4k page, system-wide physical 16167M (513M free)
TotalPageFile size 41767M (AvailPageFile size 0M)
current process WorkingSet (physical memory assigned to process): 334M, peak: 335M
current process commit charge ("private bytes"): 447M, peak: 449M

vm_info: Java HotSpot(TM) 64-Bit Server VM (11.0.8+10-LTS) for windows-amd64 JRE (11.0.8+10-LTS), built on Jun 16 2020 05:53:08 by "mach5one" with unknown MS VC++:1916

END.
